Internal Server Error: /store/api/check-by-rkmdb/
Traceback (most recent call last):
  File "C:\Users\Bassam\AppData\Local\Programs\Python\Python39\lib\site-packages\django\core\handlers\exception.py", line 55, in inner
    response = get_response(request)
  File "C:\Users\Bassam\AppData\Local\Programs\Python\Python39\lib\site-packages\django\core\handlers\base.py", line 197, in _get_response
    response = wrapped_callback(request, *callback_args, **callback_kwargs)
  File "C:\Users\Bassam\AppData\Local\Programs\Python\Python39\lib\site-packages\django\views\decorators\csrf.py", line 56, in wrapper_view
    return view_func(*args, **kwargs)
  File "e:\my\amazon_syria\src\stores\views_api.py", line 51, in check_store_by_rkmdb
    "rkmdb": rkmdb
UnboundLocalError: local variable 'rkmdb' referenced before assignment
"GET /store/api/check-by-rkmdb/ HTTP/1.1" 500 67510
Internal Server Error: /dashboard/Alaman/inventory/
Traceback (most recent call last):
  File "C:\Users\Bassam\AppData\Local\Programs\Python\Python39\lib\site-packages\django\core\handlers\exception.py", line 55, in inner
    response = get_response(request)
  File "C:\Users\Bassam\AppData\Local\Programs\Python\Python39\lib\site-packages\django\core\handlers\base.py", line 197, in _get_response
    response = wrapped_callback(request, *callback_args, **callback_kwargs)
  File "C:\Users\Bassam\AppData\Local\Programs\Python\Python39\lib\site-packages\django\contrib\auth\decorators.py", line 23, in _wrapper_view
    return view_func(request, *args, **kwargs)
  File "e:\my\amazon_syria\src\dashboard\views.py", line 1161, in inventory_list
    total_inventory_value = products_qs.aggregate(
  File "C:\Users\Bassam\AppData\Local\Programs\Python\Python39\lib\site-packages\django\db\models\query.py", line 592, in aggregate
    return self.query.chain().get_aggregation(self.db, kwargs)
  File "C:\Users\Bassam\AppData\Local\Programs\Python\Python39\lib\site-packages\django\db\models\sql\query.py", line 554, in get_aggregation
    result = compiler.execute_sql(SINGLE)
  File "C:\Users\Bassam\AppData\Local\Programs\Python\Python39\lib\site-packages\django\db\models\sql\compiler.py", line 1549, in execute_sql
    sql, params = self.as_sql()
  File "C:\Users\Bassam\AppData\Local\Programs\Python\Python39\lib\site-packages\django\db\models\sql\compiler.py", line 2071, in as_sql
    ann_sql, ann_params = annotation.select_format(self, ann_sql, ann_params)
  File "C:\Users\Bassam\AppData\Local\Programs\Python\Python39\lib\site-packages\django\db\models\expressions.py", line 475, in select_format
    if hasattr(self.output_field, "select_format"):
  File "C:\Users\Bassam\AppData\Local\Programs\Python\Python39\lib\site-packages\django\utils\functional.py", line 57, in __get__
    res = instance.__dict__[self.name] = self.func(instance)
  File "C:\Users\Bassam\AppData\Local\Programs\Python\Python39\lib\site-packages\django\db\models\expressions.py", line 305, in output_field
    output_field = self._resolve_output_field()
  File "C:\Users\Bassam\AppData\Local\Programs\Python\Python39\lib\site-packages\django\db\models\expressions.py", line 343, in _resolve_output_field
    raise FieldError(
django.core.exceptions.FieldError: Expression contains mixed types: DecimalField, IntegerField. You must set output_field.
"GET /dashboard/Alaman/inventory/?page=2 HTTP/1.1" 500 112097
Internal Server Error: /dashboard/Alaman/inventory/
Traceback (most recent call last):
  File "C:\Users\Bassam\AppData\Local\Programs\Python\Python39\lib\site-packages\django\core\handlers\exception.py", line 55, in inner
    response = get_response(request)
  File "C:\Users\Bassam\AppData\Local\Programs\Python\Python39\lib\site-packages\django\core\handlers\base.py", line 197, in _get_response
    response = wrapped_callback(request, *callback_args, **callback_kwargs)
  File "C:\Users\Bassam\AppData\Local\Programs\Python\Python39\lib\site-packages\django\contrib\auth\decorators.py", line 23, in _wrapper_view
    return view_func(request, *args, **kwargs)
  File "e:\my\amazon_syria\src\dashboard\views.py", line 1161, in inventory_list
    total_inventory_value = products_qs.aggregate(
  File "C:\Users\Bassam\AppData\Local\Programs\Python\Python39\lib\site-packages\django\db\models\query.py", line 592, in aggregate
    return self.query.chain().get_aggregation(self.db, kwargs)
  File "C:\Users\Bassam\AppData\Local\Programs\Python\Python39\lib\site-packages\django\db\models\sql\query.py", line 554, in get_aggregation
    result = compiler.execute_sql(SINGLE)
  File "C:\Users\Bassam\AppData\Local\Programs\Python\Python39\lib\site-packages\django\db\models\sql\compiler.py", line 1549, in execute_sql
    sql, params = self.as_sql()
  File "C:\Users\Bassam\AppData\Local\Programs\Python\Python39\lib\site-packages\django\db\models\sql\compiler.py", line 2071, in as_sql
    ann_sql, ann_params = annotation.select_format(self, ann_sql, ann_params)
  File "C:\Users\Bassam\AppData\Local\Programs\Python\Python39\lib\site-packages\django\db\models\expressions.py", line 475, in select_format
    if hasattr(self.output_field, "select_format"):
  File "C:\Users\Bassam\AppData\Local\Programs\Python\Python39\lib\site-packages\django\utils\functional.py", line 57, in __get__
    res = instance.__dict__[self.name] = self.func(instance)
  File "C:\Users\Bassam\AppData\Local\Programs\Python\Python39\lib\site-packages\django\db\models\expressions.py", line 305, in output_field
    output_field = self._resolve_output_field()
  File "C:\Users\Bassam\AppData\Local\Programs\Python\Python39\lib\site-packages\django\db\models\expressions.py", line 343, in _resolve_output_field
    raise FieldError(
django.core.exceptions.FieldError: Expression contains mixed types: DecimalField, IntegerField. You must set output_field.
"GET /dashboard/Alaman/inventory/?page=2 HTTP/1.1" 500 112097
Internal Server Error: /dashboard/Alaman/inventory/
Traceback (most recent call last):
  File "C:\Users\Bassam\AppData\Local\Programs\Python\Python39\lib\site-packages\django\core\handlers\exception.py", line 55, in inner
    response = get_response(request)
  File "C:\Users\Bassam\AppData\Local\Programs\Python\Python39\lib\site-packages\django\core\handlers\base.py", line 197, in _get_response
    response = wrapped_callback(request, *callback_args, **callback_kwargs)
  File "C:\Users\Bassam\AppData\Local\Programs\Python\Python39\lib\site-packages\django\contrib\auth\decorators.py", line 23, in _wrapper_view
    return view_func(request, *args, **kwargs)
  File "e:\my\amazon_syria\src\dashboard\views.py", line 1161, in inventory_list
    total_inventory_value = products_qs.aggregate(
  File "C:\Users\Bassam\AppData\Local\Programs\Python\Python39\lib\site-packages\django\db\models\query.py", line 592, in aggregate
    return self.query.chain().get_aggregation(self.db, kwargs)
  File "C:\Users\Bassam\AppData\Local\Programs\Python\Python39\lib\site-packages\django\db\models\sql\query.py", line 554, in get_aggregation
    result = compiler.execute_sql(SINGLE)
  File "C:\Users\Bassam\AppData\Local\Programs\Python\Python39\lib\site-packages\django\db\models\sql\compiler.py", line 1549, in execute_sql
    sql, params = self.as_sql()
  File "C:\Users\Bassam\AppData\Local\Programs\Python\Python39\lib\site-packages\django\db\models\sql\compiler.py", line 2071, in as_sql
    ann_sql, ann_params = annotation.select_format(self, ann_sql, ann_params)
  File "C:\Users\Bassam\AppData\Local\Programs\Python\Python39\lib\site-packages\django\db\models\expressions.py", line 475, in select_format
    if hasattr(self.output_field, "select_format"):
  File "C:\Users\Bassam\AppData\Local\Programs\Python\Python39\lib\site-packages\django\utils\functional.py", line 57, in __get__
    res = instance.__dict__[self.name] = self.func(instance)
  File "C:\Users\Bassam\AppData\Local\Programs\Python\Python39\lib\site-packages\django\db\models\expressions.py", line 305, in output_field
    output_field = self._resolve_output_field()
  File "C:\Users\Bassam\AppData\Local\Programs\Python\Python39\lib\site-packages\django\db\models\expressions.py", line 343, in _resolve_output_field
    raise FieldError(
django.core.exceptions.FieldError: Expression contains mixed types: DecimalField, IntegerField. You must set output_field.
"GET /dashboard/Alaman/inventory/ HTTP/1.1" 500 111618
